[debug] [2022-11-02T04:30:32.534Z] ----------------------------------------------------------------------
[debug] [2022-11-02T04:30:32.536Z] Command:       /home/naye/.nvm/versions/node/v19.0.0/bin/node /home/naye/.nvm/versions/node/v19.0.0/bin/firebase serve --only functions,hosting
[debug] [2022-11-02T04:30:32.536Z] CLI Version:   11.16.0
[debug] [2022-11-02T04:30:32.537Z] Platform:      linux
[debug] [2022-11-02T04:30:32.537Z] Node Version:  v19.0.0
[debug] [2022-11-02T04:30:32.537Z] Time:          Wed Nov 02 2022 00:30:32 GMT-0400 (Eastern Daylight Time)
[debug] [2022-11-02T04:30:32.537Z] ----------------------------------------------------------------------
[debug] 
[debug] [2022-11-02T04:30:32.591Z] > command requires scopes: ["email","openid","https://www.googleapis.com/auth/cloudplatformprojects.readonly","https://www.googleapis.com/auth/firebase","https://www.googleapis.com/auth/cloud-platform"]
[debug] [2022-11-02T04:30:32.591Z] > authorizing via signed-in user (eyaneubanks@gmail.com)
[debug] [2022-11-02T04:30:32.591Z] [iam] checking project happy-8293 for permissions ["firebase.projects.get"]
[debug] [2022-11-02T04:30:32.593Z] >>> [apiv2][query] POST https://cloudresourcemanager.googleapis.com/v1/projects/happy-8293:testIamPermissions [none]
[debug] [2022-11-02T04:30:32.593Z] >>> [apiv2][(partial)header] POST https://cloudresourcemanager.googleapis.com/v1/projects/happy-8293:testIamPermissions x-goog-quota-user=projects/happy-8293
[debug] [2022-11-02T04:30:32.593Z] >>> [apiv2][body] POST https://cloudresourcemanager.googleapis.com/v1/projects/happy-8293:testIamPermissions {"permissions":["firebase.projects.get"]}
[debug] [2022-11-02T04:30:32.806Z] <<< [apiv2][status] POST https://cloudresourcemanager.googleapis.com/v1/projects/happy-8293:testIamPermissions 200
[debug] [2022-11-02T04:30:32.806Z] <<< [apiv2][body] POST https://cloudresourcemanager.googleapis.com/v1/projects/happy-8293:testIamPermissions {"permissions":["firebase.projects.get"]}
[debug] [2022-11-02T04:30:32.807Z] >>> [apiv2][query] GET https://firebase.googleapis.com/v1beta1/projects/happy-8293 [none]
[debug] [2022-11-02T04:30:33.168Z] <<< [apiv2][status] GET https://firebase.googleapis.com/v1beta1/projects/happy-8293 200
[debug] [2022-11-02T04:30:33.168Z] <<< [apiv2][body] GET https://firebase.googleapis.com/v1beta1/projects/happy-8293 {"projectId":"happy-8293","projectNumber":"900771390802","displayName":"Happy-Citizens","name":"projects/happy-8293","resources":{"hostingSite":"happy-8293"},"state":"ACTIVE","etag":"1_bf1cb8d2-fec1-49b6-a4af-5c892a68afe4"}
[warn] ⚠  Your requested "node" version "16" doesn't match your global version "19". Using node@19 from host. {"metadata":{"emulator":{"name":"functions"},"message":"Your requested \"node\" version \"16\" doesn't match your global version \"19\". Using node@19 from host."}}
[debug] [2022-11-02T04:30:33.174Z] defaultcredentials: writing to file /home/naye/.config/firebase/eyaneubanks_gmail_com_application_default_credentials.json
[debug] [2022-11-02T04:30:33.175Z] >>> [apiv2][query] GET https://firebasehosting.googleapis.com/v1beta1/projects/happy-8293/sites 
[debug] [2022-11-02T04:30:33.177Z] Setting GAC to /home/naye/.config/firebase/eyaneubanks_gmail_com_application_default_credentials.json {"metadata":{"emulator":{"name":"functions"},"message":"Setting GAC to /home/naye/.config/firebase/eyaneubanks_gmail_com_application_default_credentials.json"}}
[debug] [2022-11-02T04:30:33.177Z] >>> [apiv2][query] GET https://firebase.googleapis.com/v1beta1/projects/happy-8293/adminSdkConfig [none]
[debug] [2022-11-02T04:30:33.409Z] <<< [apiv2][status] GET https://firebase.googleapis.com/v1beta1/projects/happy-8293/adminSdkConfig 200
[debug] [2022-11-02T04:30:33.409Z] <<< [apiv2][body] GET https://firebase.googleapis.com/v1beta1/projects/happy-8293/adminSdkConfig {"projectId":"happy-8293","storageBucket":"happy-8293.appspot.com"}
[debug] [2022-11-02T04:30:33.647Z] <<< [apiv2][status] GET https://firebasehosting.googleapis.com/v1beta1/projects/happy-8293/sites 200
[debug] [2022-11-02T04:30:33.647Z] <<< [apiv2][body] GET https://firebasehosting.googleapis.com/v1beta1/projects/happy-8293/sites {"sites":[{"name":"projects/happy-8293/sites/happy-8293","defaultUrl":"https://happy-8293.web.app","type":"DEFAULT_SITE"}]}
[debug] [2022-11-02T04:30:33.647Z] >>> [apiv2][query] GET https://firebase.googleapis.com/v1beta1/projects/happy-8293/webApps/-/config [none]
[debug] [2022-11-02T04:30:33.933Z] <<< [apiv2][status] GET https://firebase.googleapis.com/v1beta1/projects/happy-8293/webApps/-/config 200
[debug] [2022-11-02T04:30:33.933Z] <<< [apiv2][body] GET https://firebase.googleapis.com/v1beta1/projects/happy-8293/webApps/-/config {"projectId":"happy-8293","storageBucket":"happy-8293.appspot.com","apiKey":"AIzaSyC-Qr0_rPYKn_MDaC7w5raFfFTQZK3bwuY","authDomain":"happy-8293.firebaseapp.com","messagingSenderId":"900771390802"}
[debug] [2022-11-02T04:30:33.937Z] >>> [apiv2][query] GET https://firebase.googleapis.com/v1beta1/projects/happy-8293 [none]
